# JRE version: OpenJDK Runtime Environment (11.0.15) (build 11.0.15+0-b2043.56-9505619)
# Java VM: OpenJDK 64-Bit Server VM (11.0.15+0-b2043.56-9505619, mixed mode, tiered, compressed oops, g1 gc, windows-amd64)
Heap:
 garbage-first heap   total 396288K, used 272219K [0x00000000a0000000, 0x0000000100000000)
  region size 1024K, 16 young (16384K), 3 survivors (3072K)
 Metaspace       used 120928K, capacity 125767K, committed 126032K, reserved 1157120K
  class space    used 15676K, capacity 17349K, committed 17612K, reserved 1048576K
GC Heap History (20 events):
Event: 40.948 GC heap before
{Heap before GC invocations=47 (full 0):
 garbage-first heap   total 319488K, used 196129K [0x00000000a0000000, 0x0000000100000000)
  region size 1024K, 18 young (18432K), 2 survivors (2048K)
 Metaspace       used 109912K, capacity 113953K, committed 114384K, reserved 1148928K
  class space    used 14243K, capacity 15585K, committed 15692K, reserved 1048576K
}
Event: 40.959 GC heap after
{Heap after GC invocations=48 (full 0):
 garbage-first heap   total 319488K, used 182562K [0x00000000a0000000, 0x0000000100000000)
  region size 1024K, 3 young (3072K), 3 survivors (3072K)
 Metaspace       used 109912K, capacity 113953K, committed 114384K, reserved 1148928K
  class space    used 14243K, capacity 15585K, committed 15692K, reserved 1048576K
}
Event: 41.448 GC heap before
{Heap before GC invocations=48 (full 0):
 garbage-first heap   total 319488K, used 223522K [0x00000000a0000000, 0x0000000100000000)
  region size 1024K, 44 young (45056K), 3 survivors (3072K)
 Metaspace       used 111748K, capacity 116008K, committed 116176K, reserved 1148928K
  class space    used 14569K, capacity 16100K, committed 16204K, reserved 1048576K
}
Event: 41.465 GC heap after
{Heap after GC invocations=49 (full 0):
 garbage-first heap   total 319488K, used 189543K [0x00000000a0000000, 0x0000000100000000)
  region size 1024K, 6 young (6144K), 6 survivors (6144K)
 Metaspace       used 111748K, capacity 116008K, committed 116176K, reserved 1148928K
  class space    used 14569K, capacity 16100K, committed 16204K, reserved 1048576K
}
Event: 42.049 GC heap before
{Heap before GC invocations=49 (full 0):
 garbage-first heap   total 319488K, used 232551K [0x00000000a0000000, 0x0000000100000000)
  region size 1024K, 48 young (49152K), 6 survivors (6144K)
 Metaspace       used 112531K, capacity 116842K, committed 117072K, reserved 1150976K
  class space    used 14712K, capacity 16243K, committed 16332K, reserved 1048576K
}
Event: 42.067 GC heap after
{Heap after GC invocations=50 (full 0):
 garbage-first heap   total 319488K, used 195957K [0x00000000a0000000, 0x0000000100000000)
  region size 1024K, 6 young (6144K), 6 survivors (6144K)
 Metaspace       used 112531K, capacity 116842K, committed 117072K, reserved 1150976K
  class space    used 14712K, capacity 16243K, committed 16332K, reserved 1048576K
}
Event: 43.004 GC heap before
{Heap before GC invocations=51 (full 0):
 garbage-first heap   total 319488K, used 238965K [0x00000000a0000000, 0x0000000100000000)
  region size 1024K, 49 young (50176K), 6 survivors (6144K)
 Metaspace       used 116127K, capacity 120664K, committed 120784K, reserved 1153024K
  class space    used 15286K, capacity 16917K, committed 16972K, reserved 1048576K
}
Event: 43.021 GC heap after
{Heap after GC invocations=52 (full 0):
 garbage-first heap   total 396288K, used 201299K [0x00000000a0000000, 0x0000000100000000)
  region size 1024K, 5 young (5120K), 5 survivors (5120K)
 Metaspace       used 116127K, capacity 120664K, committed 120784K, reserved 1153024K
  class space    used 15286K, capacity 16917K, committed 16972K, reserved 1048576K
}
Event: 44.265 GC heap before
{Heap before GC invocations=52 (full 0):
 garbage-first heap   total 396288K, used 269907K [0x00000000a0000000, 0x0000000100000000)
  region size 1024K, 73 young (74752K), 5 survivors (5120K)
 Metaspace       used 119126K, capacity 123916K, committed 124112K, reserved 1157120K
  class space    used 15657K, capacity 17383K, committed 17484K, reserved 1048576K
}
Event: 44.281 GC heap after
{Heap after GC invocations=53 (full 0):
 garbage-first heap   total 396288K, used 205065K [0x00000000a0000000, 0x0000000100000000)
  region size 1024K, 9 young (9216K), 9 survivors (9216K)
 Metaspace       used 119126K, capacity 123916K, committed 124112K, reserved 1157120K
  class space    used 15657K, capacity 17383K, committed 17484K, reserved 1048576K
}
Event: 45.323 GC heap before
{Heap before GC invocations=54 (full 0):
 garbage-first heap   total 396288K, used 277769K [0x00000000a0000000, 0x0000000100000000)
  region size 1024K, 82 young (83968K), 9 survivors (9216K)
 Metaspace       used 119874K, capacity 124700K, committed 124880K, reserved 1157120K
  class space    used 15664K, capacity 17335K, committed 17484K, reserved 1048576K
}
Event: 45.340 GC heap after
{Heap after GC invocations=55 (full 0):
 garbage-first heap   total 396288K, used 210745K [0x00000000a0000000, 0x0000000100000000)
  region size 1024K, 10 young (10240K), 10 survivors (10240K)
 Metaspace       used 119874K, capacity 124700K, committed 124880K, reserved 1157120K
  class space    used 15664K, capacity 17335K, committed 17484K, reserved 1048576K
}
Event: 45.414 GC heap before
{Heap before GC invocations=55 (full 0):
 garbage-first heap   total 396288K, used 222009K [0x00000000a0000000, 0x0000000100000000)
  region size 1024K, 23 young (23552K), 10 survivors (10240K)
 Metaspace       used 119912K, capacity 124766K, committed 125136K, reserved 1157120K
  class space    used 15665K, capacity 17335K, committed 17484K, reserved 1048576K
}
Event: 45.429 GC heap after
{Heap after GC invocations=56 (full 0):
 garbage-first heap   total 396288K, used 213155K [0x00000000a0000000, 0x0000000100000000)
  region size 1024K, 9 young (9216K), 9 survivors (9216K)
 Metaspace       used 119912K, capacity 124766K, committed 125136K, reserved 1157120K
  class space    used 15665K, capacity 17335K, committed 17484K, reserved 1048576K
}
Event: 46.228 GC heap before
{Heap before GC invocations=57 (full 0):
 garbage-first heap   total 396288K, used 289955K [0x00000000a0000000, 0x0000000100000000)
  region size 1024K, 84 young (86016K), 9 survivors (9216K)
 Metaspace       used 119992K, capacity 124776K, committed 125136K, reserved 1157120K
  class space    used 15638K, capacity 17283K, committed 17484K, reserved 1048576K
}
Event: 46.241 GC heap after
{Heap after GC invocations=58 (full 0):
 garbage-first heap   total 396288K, used 220350K [0x00000000a0000000, 0x0000000100000000)
  region size 1024K, 10 young (10240K), 10 survivors (10240K)
 Metaspace       used 119992K, capacity 124776K, committed 125136K, reserved 1157120K
  class space    used 15638K, capacity 17283K, committed 17484K, reserved 1048576K
}
Event: 46.594 GC heap before
{Heap before GC invocations=58 (full 0):
 garbage-first heap   total 396288K, used 297150K [0x00000000a0000000, 0x0000000100000000)
  region size 1024K, 86 young (88064K), 10 survivors (10240K)
 Metaspace       used 120137K, capacity 124957K, committed 125520K, reserved 1157120K
  class space    used 15650K, capacity 17317K, committed 17612K, reserved 1048576K
}
Event: 46.617 GC heap after
{Heap after GC invocations=59 (full 0):
 garbage-first heap   total 396288K, used 229688K [0x00000000a0000000, 0x0000000100000000)
  region size 1024K, 11 young (11264K), 11 survivors (11264K)
 Metaspace       used 120137K, capacity 124957K, committed 125520K, reserved 1157120K
  class space    used 15650K, capacity 17317K, committed 17612K, reserved 1048576K
}
Event: 47.325 GC heap before
{Heap before GC invocations=59 (full 0):
 garbage-first heap   total 396288K, used 305464K [0x00000000a0000000, 0x0000000100000000)
  region size 1024K, 85 young (87040K), 11 survivors (11264K)
 Metaspace       used 120324K, capacity 125083K, committed 125520K, reserved 1157120K
  class space    used 15648K, capacity 17312K, committed 17612K, reserved 1048576K
}
Event: 47.354 GC heap after
{Heap after GC invocations=60 (full 0):
 garbage-first heap   total 396288K, used 240144K [0x00000000a0000000, 0x0000000100000000)
  region size 1024K, 11 young (11264K), 11 survivors (11264K)
 Metaspace       used 120324K, capacity 125083K, committed 125520K, reserved 1157120K
  class space    used 15648K, capacity 17312K, committed 17612K, reserved 1048576K
}

