# JRE version: OpenJDK Runtime Environment (11.0.15) (build 11.0.15+0-b2043.56-9505619)
# Java VM: OpenJDK 64-Bit Server VM (11.0.15+0-b2043.56-9505619, mixed mode, tiered, compressed oops, g1 gc, windows-amd64)
Heap:
 garbage-first heap   total 260096K, used 83750K [0x00000000a0000000, 0x0000000100000000)
  region size 1024K, 67 young (68608K), 14 survivors (14336K)
 Metaspace       used 47936K, capacity 49115K, committed 49360K, reserved 1091584K
  class space    used 6093K, capacity 6525K, committed 6528K, reserved 1048576K
GC Heap History (10 events):
Event: 1.690 GC heap before
{Heap before GC invocations=0 (full 0):
 garbage-first heap   total 260096K, used 29696K [0x00000000a0000000, 0x0000000100000000)
  region size 1024K, 24 young (24576K), 0 survivors (0K)
 Metaspace       used 10160K, capacity 10341K, committed 10624K, reserved 1058816K
  class space    used 1036K, capacity 1108K, committed 1152K, reserved 1048576K
}
Event: 1.697 GC heap after
{Heap after GC invocations=1 (full 0):
 garbage-first heap   total 260096K, used 9370K [0x00000000a0000000, 0x0000000100000000)
  region size 1024K, 3 young (3072K), 3 survivors (3072K)
 Metaspace       used 10160K, capacity 10341K, committed 10624K, reserved 1058816K
  class space    used 1036K, capacity 1108K, committed 1152K, reserved 1048576K
}
Event: 5.881 GC heap before
{Heap before GC invocations=1 (full 0):
 garbage-first heap   total 260096K, used 103578K [0x00000000a0000000, 0x0000000100000000)
  region size 1024K, 95 young (97280K), 3 survivors (3072K)
 Metaspace       used 20735K, capacity 21146K, committed 21296K, reserved 1069056K
  class space    used 2484K, capacity 2629K, committed 2688K, reserved 1048576K
}
Event: 5.895 GC heap after
{Heap after GC invocations=2 (full 0):
 garbage-first heap   total 260096K, used 16920K [0x00000000a0000000, 0x0000000100000000)
  region size 1024K, 11 young (11264K), 11 survivors (11264K)
 Metaspace       used 20735K, capacity 21146K, committed 21296K, reserved 1069056K
  class space    used 2484K, capacity 2629K, committed 2688K, reserved 1048576K
}
Event: 7.165 GC heap before
{Heap before GC invocations=3 (full 0):
 garbage-first heap   total 260096K, used 80408K [0x00000000a0000000, 0x0000000100000000)
  region size 1024K, 73 young (74752K), 11 survivors (11264K)
 Metaspace       used 27127K, capacity 27727K, committed 27824K, reserved 1073152K
  class space    used 3502K, capacity 3769K, committed 3840K, reserved 1048576K
}
Event: 7.173 GC heap after
{Heap after GC invocations=4 (full 0):
 garbage-first heap   total 260096K, used 19513K [0x00000000a0000000, 0x0000000100000000)
  region size 1024K, 3 young (3072K), 3 survivors (3072K)
 Metaspace       used 27127K, capacity 27727K, committed 27824K, reserved 1073152K
  class space    used 3502K, capacity 3769K, committed 3840K, reserved 1048576K
}
Event: 8.410 GC heap before
{Heap before GC invocations=4 (full 0):
 garbage-first heap   total 260096K, used 76857K [0x00000000a0000000, 0x0000000100000000)
  region size 1024K, 60 young (61440K), 3 survivors (3072K)
 Metaspace       used 35042K, capacity 35802K, committed 35920K, reserved 1081344K
  class space    used 4490K, capacity 4823K, committed 4864K, reserved 1048576K
}
Event: 8.423 GC heap after
{Heap after GC invocations=5 (full 0):
 garbage-first heap   total 260096K, used 22187K [0x00000000a0000000, 0x0000000100000000)
  region size 1024K, 6 young (6144K), 6 survivors (6144K)
 Metaspace       used 35042K, capacity 35802K, committed 35920K, reserved 1081344K
  class space    used 4490K, capacity 4823K, committed 4864K, reserved 1048576K
}
Event: 10.772 GC heap before
{Heap before GC invocations=6 (full 0):
 garbage-first heap   total 260096K, used 137899K [0x00000000a0000000, 0x0000000100000000)
  region size 1024K, 115 young (117760K), 6 survivors (6144K)
 Metaspace       used 44449K, capacity 45489K, committed 45520K, reserved 1089536K
  class space    used 5598K, capacity 5994K, committed 6016K, reserved 1048576K
}
Event: 10.785 GC heap after
{Heap after GC invocations=7 (full 0):
 garbage-first heap   total 260096K, used 30502K [0x00000000a0000000, 0x0000000100000000)
  region size 1024K, 14 young (14336K), 14 survivors (14336K)
 Metaspace       used 44449K, capacity 45489K, committed 45520K, reserved 1089536K
  class space    used 5598K, capacity 5994K, committed 6016K, reserved 1048576K
}

